<?xml version="1.0" encoding="UTF-8"?>
<testsuite xmlns:xsi="http://www.w3.org/2001/XMLSchema-instance" xsi:noNamespaceSchemaLocation="https://maven.apache.org/surefire/maven-surefire-plugin/xsd/surefire-test-report-3.0.xsd" version="3.0" name="com.example.PublicRestServicesTest" time="1.621" tests="4" errors="0" skipped="1" failures="0">
  <properties>
    <property name="java.specification.version" value="17"/>
    <property name="sun.jnu.encoding" value="UTF-8"/>
    <property name="java.class.path" value="/home/goncalo/Desktop/terceiro_parte2/TQS/TQS_107853/lab7/lab7_1/target/test-classes:/home/goncalo/Desktop/terceiro_parte2/TQS/TQS_107853/lab7/lab7_1/target/classes:/home/goncalo/.m2/repository/org/junit/jupiter/junit-jupiter/5.7.2/junit-jupiter-5.7.2.jar:/home/goncalo/.m2/repository/org/junit/jupiter/junit-jupiter-api/5.7.2/junit-jupiter-api-5.7.2.jar:/home/goncalo/.m2/repository/org/apiguardian/apiguardian-api/1.1.0/apiguardian-api-1.1.0.jar:/home/goncalo/.m2/repository/org/opentest4j/opentest4j/1.2.0/opentest4j-1.2.0.jar:/home/goncalo/.m2/repository/org/junit/platform/junit-platform-commons/1.7.2/junit-platform-commons-1.7.2.jar:/home/goncalo/.m2/repository/org/junit/jupiter/junit-jupiter-params/5.7.2/junit-jupiter-params-5.7.2.jar:/home/goncalo/.m2/repository/org/junit/jupiter/junit-jupiter-engine/5.7.2/junit-jupiter-engine-5.7.2.jar:/home/goncalo/.m2/repository/org/junit/platform/junit-platform-engine/1.7.2/junit-platform-engine-1.7.2.jar:/home/goncalo/.m2/repository/io/rest-assured/rest-assured/4.4.0/rest-assured-4.4.0.jar:/home/goncalo/.m2/repository/org/codehaus/groovy/groovy/3.0.8/groovy-3.0.8.jar:/home/goncalo/.m2/repository/org/codehaus/groovy/groovy-xml/3.0.8/groovy-xml-3.0.8.jar:/home/goncalo/.m2/repository/org/apache/httpcomponents/httpclient/4.5.13/httpclient-4.5.13.jar:/home/goncalo/.m2/repository/org/apache/httpcomponents/httpcore/4.4.13/httpcore-4.4.13.jar:/home/goncalo/.m2/repository/commons-logging/commons-logging/1.2/commons-logging-1.2.jar:/home/goncalo/.m2/repository/commons-codec/commons-codec/1.11/commons-codec-1.11.jar:/home/goncalo/.m2/repository/org/apache/httpcomponents/httpmime/4.5.13/httpmime-4.5.13.jar:/home/goncalo/.m2/repository/org/hamcrest/hamcrest/2.1/hamcrest-2.1.jar:/home/goncalo/.m2/repository/org/ccil/cowan/tagsoup/tagsoup/1.2.1/tagsoup-1.2.1.jar:/home/goncalo/.m2/repository/io/rest-assured/json-path/4.4.0/json-path-4.4.0.jar:/home/goncalo/.m2/repository/org/codehaus/groovy/groovy-json/3.0.8/groovy-json-3.0.8.jar:/home/goncalo/.m2/repository/io/rest-assured/rest-assured-common/4.4.0/rest-assured-common-4.4.0.jar:/home/goncalo/.m2/repository/io/rest-assured/xml-path/4.4.0/xml-path-4.4.0.jar:/home/goncalo/.m2/repository/org/apache/commons/commons-lang3/3.11/commons-lang3-3.11.jar:/home/goncalo/.m2/repository/jakarta/xml/bind/jakarta.xml.bind-api/2.3.3/jakarta.xml.bind-api-2.3.3.jar:/home/goncalo/.m2/repository/jakarta/activation/jakarta.activation-api/1.2.2/jakarta.activation-api-1.2.2.jar:/home/goncalo/.m2/repository/com/sun/xml/bind/jaxb-impl/2.3.3/jaxb-impl-2.3.3.jar:"/>
    <property name="java.vm.vendor" value="Oracle Corporation"/>
    <property name="sun.arch.data.model" value="64"/>
    <property name="java.vendor.url" value="https://java.oracle.com/"/>
    <property name="user.timezone" value="Europe/Lisbon"/>
    <property name="user.country.format" value="PT"/>
    <property name="os.name" value="Linux"/>
    <property name="java.vm.specification.version" value="17"/>
    <property name="sun.java.launcher" value="SUN_STANDARD"/>
    <property name="user.country" value="US"/>
    <property name="sun.boot.library.path" value="/home/goncalo/Documents/jdk-17.0.9/lib"/>
    <property name="sun.java.command" value="/home/goncalo/Desktop/terceiro_parte2/TQS/TQS_107853/lab7/lab7_1/target/surefire/surefirebooter2891171401142793314.jar /home/goncalo/Desktop/terceiro_parte2/TQS/TQS_107853/lab7/lab7_1/target/surefire 2024-04-04T16-19-56_878-jvmRun1 surefire13388613155840662259tmp surefire_0903232207767797656tmp"/>
    <property name="jdk.debug" value="release"/>
    <property name="surefire.test.class.path" value="/home/goncalo/Desktop/terceiro_parte2/TQS/TQS_107853/lab7/lab7_1/target/test-classes:/home/goncalo/Desktop/terceiro_parte2/TQS/TQS_107853/lab7/lab7_1/target/classes:/home/goncalo/.m2/repository/org/junit/jupiter/junit-jupiter/5.7.2/junit-jupiter-5.7.2.jar:/home/goncalo/.m2/repository/org/junit/jupiter/junit-jupiter-api/5.7.2/junit-jupiter-api-5.7.2.jar:/home/goncalo/.m2/repository/org/apiguardian/apiguardian-api/1.1.0/apiguardian-api-1.1.0.jar:/home/goncalo/.m2/repository/org/opentest4j/opentest4j/1.2.0/opentest4j-1.2.0.jar:/home/goncalo/.m2/repository/org/junit/platform/junit-platform-commons/1.7.2/junit-platform-commons-1.7.2.jar:/home/goncalo/.m2/repository/org/junit/jupiter/junit-jupiter-params/5.7.2/junit-jupiter-params-5.7.2.jar:/home/goncalo/.m2/repository/org/junit/jupiter/junit-jupiter-engine/5.7.2/junit-jupiter-engine-5.7.2.jar:/home/goncalo/.m2/repository/org/junit/platform/junit-platform-engine/1.7.2/junit-platform-engine-1.7.2.jar:/home/goncalo/.m2/repository/io/rest-assured/rest-assured/4.4.0/rest-assured-4.4.0.jar:/home/goncalo/.m2/repository/org/codehaus/groovy/groovy/3.0.8/groovy-3.0.8.jar:/home/goncalo/.m2/repository/org/codehaus/groovy/groovy-xml/3.0.8/groovy-xml-3.0.8.jar:/home/goncalo/.m2/repository/org/apache/httpcomponents/httpclient/4.5.13/httpclient-4.5.13.jar:/home/goncalo/.m2/repository/org/apache/httpcomponents/httpcore/4.4.13/httpcore-4.4.13.jar:/home/goncalo/.m2/repository/commons-logging/commons-logging/1.2/commons-logging-1.2.jar:/home/goncalo/.m2/repository/commons-codec/commons-codec/1.11/commons-codec-1.11.jar:/home/goncalo/.m2/repository/org/apache/httpcomponents/httpmime/4.5.13/httpmime-4.5.13.jar:/home/goncalo/.m2/repository/org/hamcrest/hamcrest/2.1/hamcrest-2.1.jar:/home/goncalo/.m2/repository/org/ccil/cowan/tagsoup/tagsoup/1.2.1/tagsoup-1.2.1.jar:/home/goncalo/.m2/repository/io/rest-assured/json-path/4.4.0/json-path-4.4.0.jar:/home/goncalo/.m2/repository/org/codehaus/groovy/groovy-json/3.0.8/groovy-json-3.0.8.jar:/home/goncalo/.m2/repository/io/rest-assured/rest-assured-common/4.4.0/rest-assured-common-4.4.0.jar:/home/goncalo/.m2/repository/io/rest-assured/xml-path/4.4.0/xml-path-4.4.0.jar:/home/goncalo/.m2/repository/org/apache/commons/commons-lang3/3.11/commons-lang3-3.11.jar:/home/goncalo/.m2/repository/jakarta/xml/bind/jakarta.xml.bind-api/2.3.3/jakarta.xml.bind-api-2.3.3.jar:/home/goncalo/.m2/repository/jakarta/activation/jakarta.activation-api/1.2.2/jakarta.activation-api-1.2.2.jar:/home/goncalo/.m2/repository/com/sun/xml/bind/jaxb-impl/2.3.3/jaxb-impl-2.3.3.jar:"/>
    <property name="sun.cpu.endian" value="little"/>
    <property name="user.home" value="/home/goncalo"/>
    <property name="user.language" value="en"/>
    <property name="java.specification.vendor" value="Oracle Corporation"/>
    <property name="java.version.date" value="2023-10-17"/>
    <property name="java.home" value="/home/goncalo/Documents/jdk-17.0.9"/>
    <property name="file.separator" value="/"/>
    <property name="basedir" value="/home/goncalo/Desktop/terceiro_parte2/TQS/TQS_107853/lab7/lab7_1"/>
    <property name="java.vm.compressedOopsMode" value="Zero based"/>
    <property name="line.separator" value="&#10;"/>
    <property name="java.specification.name" value="Java Platform API Specification"/>
    <property name="java.vm.specification.vendor" value="Oracle Corporation"/>
    <property name="surefire.real.class.path" value="/home/goncalo/Desktop/terceiro_parte2/TQS/TQS_107853/lab7/lab7_1/target/surefire/surefirebooter2891171401142793314.jar"/>
    <property name="sun.management.compiler" value="HotSpot 64-Bit Tiered Compilers"/>
    <property name="java.runtime.version" value="17.0.9+11-LTS-201"/>
    <property name="user.name" value="goncalo"/>
    <property name="path.separator" value=":"/>
    <property name="os.version" value="5.15.0-101-generic"/>
    <property name="java.runtime.name" value="Java(TM) SE Runtime Environment"/>
    <property name="file.encoding" value="UTF-8"/>
    <property name="java.vm.name" value="Java HotSpot(TM) 64-Bit Server VM"/>
    <property name="localRepository" value="/home/goncalo/.m2/repository"/>
    <property name="java.vendor.url.bug" value="https://bugreport.java.com/bugreport/"/>
    <property name="java.io.tmpdir" value="/tmp"/>
    <property name="java.version" value="17.0.9"/>
    <property name="user.dir" value="/home/goncalo/Desktop/terceiro_parte2/TQS/TQS_107853/lab7/lab7_1"/>
    <property name="os.arch" value="amd64"/>
    <property name="java.vm.specification.name" value="Java Virtual Machine Specification"/>
    <property name="user.language.format" value="pt"/>
    <property name="native.encoding" value="UTF-8"/>
    <property name="java.library.path" value="/usr/java/packages/lib:/usr/lib64:/lib64:/lib:/usr/lib"/>
    <property name="java.vm.info" value="mixed mode, sharing"/>
    <property name="java.vendor" value="Oracle Corporation"/>
    <property name="java.vm.version" value="17.0.9+11-LTS-201"/>
    <property name="sun.io.unicode.encoding" value="UnicodeLittle"/>
    <property name="java.class.version" value="61.0"/>
  </properties>
  <testcase name="test1" classname="com.example.PublicRestServicesTest" time="1.045"/>
  <testcase name="test2" classname="com.example.PublicRestServicesTest" time="0.378"/>
  <testcase name="test3" classname="com.example.PublicRestServicesTest" time="0.184"/>
  <testcase name="test4" classname="com.example.PublicRestServicesTest" time="0">
    <skipped message="void com.example.PublicRestServicesTest.test4() is @Disabled"/>
  </testcase>
</testsuite>